<?xml version="1.0" encoding="UTF-8"?>
<!-- Generated by org.testng.reporters.JUnitReportReporter -->
<testsuite hostname="Ajays-MacBook-Air.local" failures="0" tests="2" name="com.testcases.LoginPageTest" time="13.076" errors="0" timestamp="2021-09-27T17:13:39 IST" skipped="0">
  <testcase classname="com.testcases.LoginPageTest" name="validateTitleTest" time="7.342"/>
  <system-out/>
  <testcase classname="com.testcases.LoginPageTest" name="validateLoginTest" time="5.734"/>
  <system-out/>
</testsuite> <!-- com.testcases.LoginPageTest -->
