<?xml version="1.0" encoding="UTF-8"?>
<!-- Generated by org.testng.reporters.JUnitReportReporter -->
<testsuite hostname="Ajays-MacBook-Air.local" failures="0" tests="2" name="com.testcases.LoginPageTest" time="22.312" errors="0" timestamp="2021-09-28T15:09:07 IST" skipped="0">
  <testcase classname="com.testcases.LoginPageTest" name="validateTitleTest" time="9.717"/>
  <system-out/>
  <testcase classname="com.testcases.LoginPageTest" name="validateLoginTest" time="12.595"/>
  <system-out/>
</testsuite> <!-- com.testcases.LoginPageTest -->
