<?xml version="1.0" encoding="UTF-8"?>
<!-- Generated by org.testng.reporters.JUnitReportReporter -->
<testsuite hostname="Ajays-MacBook-Air.local" failures="0" tests="2" name="com.testcases.LoginPageTest" time="19.655" errors="0" timestamp="2021-09-28T17:37:16 IST" skipped="0">
  <testcase classname="com.testcases.LoginPageTest" name="validateTitleTest" time="7.378"/>
  <system-out/>
  <testcase classname="com.testcases.LoginPageTest" name="validateLoginTest" time="12.277"/>
  <system-out/>
</testsuite> <!-- com.testcases.LoginPageTest -->
